<?xml version="1.0" encoding="UTF-8"?>
<!-- Generated by org.testng.reporters.JUnitReportReporter -->
<testsuite hostname="IHD-1ZMHBX1" name="innRoad.suite.Taxes" tests="1" failures="0" timestamp="22 Jun 2016 11:10:40 GMT" time="269.094" errors="0">
  <testcase name="testUntitled" time="269.094" classname="innRoad.suite.Taxes"/>
</testsuite> <!-- innRoad.suite.Taxes -->
