<?xml version="1.0" encoding="UTF-8"?>
<!-- Generated by org.testng.reporters.JUnitReportReporter -->
<testsuite hostname="IHD-1ZMHBX1" name="innRoad.suite.Usergent_Iphone" tests="1" failures="0" timestamp="23 Jun 2016 09:46:50 GMT" time="195.396" errors="0">
  <testcase name="testUntitled" time="195.396" classname="innRoad.suite.Usergent_Iphone"/>
</testsuite> <!-- innRoad.suite.Usergent_Iphone -->
