<?xml version="1.0" encoding="UTF-8"?>
<!-- Generated by org.testng.reporters.JUnitReportReporter -->
<testsuite hostname="IHD-1ZMHBX1" name="innRoad.suite.Rates" tests="2" failures="0" timestamp="22 Jun 2016 11:10:40 GMT" time="780.403" errors="0">
  <testcase name="testUntitled" time="389.229" classname="innRoad.suite.Rates"/>
  <testcase name="testUntitled" time="391.174" classname="innRoad.suite.Rates"/>
</testsuite> <!-- innRoad.suite.Rates -->
