<?xml version="1.0" encoding="UTF-8"?>
<!-- Generated by org.testng.reporters.JUnitReportReporter -->
<testsuite hostname="IHD-1ZMHBX1" name="innRoad.suite.Booking_Engine" tests="1" failures="0" timestamp="10 Jun 2016 06:54:39 GMT" time="569.114" errors="0">
  <testcase name="testUntitled" time="569.114" classname="innRoad.suite.Booking_Engine"/>
</testsuite> <!-- innRoad.suite.Booking_Engine -->
