<?xml version="1.0" encoding="UTF-8"?>
<!-- Generated by org.testng.reporters.JUnitReportReporter -->
<testsuite hostname="IHD-1ZMHBX1" name="innRoad.suite.Skuli" tests="1" failures="0" timestamp="8 Jun 2016 14:06:52 GMT" time="16.233" errors="0">
  <testcase name="sample" time="16.233" classname="innRoad.suite.Skuli"/>
</testsuite> <!-- innRoad.suite.Skuli -->
