<?xml version="1.0" encoding="UTF-8"?>
<!-- Generated by org.testng.reporters.JUnitReportReporter -->
<testsuite hostname="IHD-1ZMHBX1" name="innRoad.suite.Seasons" tests="1" failures="0" timestamp="22 Jun 2016 11:10:40 GMT" time="182.582" errors="0">
  <testcase name="testUntitled" time="182.582" classname="innRoad.suite.Seasons"/>
</testsuite> <!-- innRoad.suite.Seasons -->
