<?xml version="1.0" encoding="UTF-8"?>
<!-- Generated by org.testng.reporters.JUnitReportReporter -->
<testsuite hostname="IHD-1ZMHBX1" name="innRoad.suite.Back_Navigation_Level_Two" tests="1" failures="0" timestamp="9 Jun 2016 10:18:42 GMT" time="22.947" errors="0">
  <testcase name="leveltwo" time="22.947" classname="innRoad.suite.Back_Navigation_Level_Two"/>
</testsuite> <!-- innRoad.suite.Back_Navigation_Level_Two -->
