<?xml version="1.0" encoding="UTF-8"?>
<!-- Generated by org.testng.reporters.JUnitReportReporter -->
<testsuite hostname="IHD-1ZMHBX1" name="innRoad.suite.SampleCapture" tests="1" failures="0" timestamp="15 Jun 2016 07:12:53 GMT" time="7.346" errors="0">
  <testcase name="test" time="7.346" classname="innRoad.suite.SampleCapture"/>
</testsuite> <!-- innRoad.suite.SampleCapture -->
