<?xml version="1.0" encoding="UTF-8"?>
<!-- Generated by org.testng.reporters.JUnitReportReporter -->
<testsuite hostname="IHD-9BP98R1" name="innRoad.suite.TestSeasons" tests="1" failures="0" timestamp="29 Jun 2016 11:00:22 GMT" time="193.984" errors="0">
  <testcase name="test3" time="193.984" classname="innRoad.suite.TestSeasons"/>
</testsuite> <!-- innRoad.suite.TestSeasons -->
