<?xml version="1.0" encoding="UTF-8"?>
<!-- Generated by org.testng.reporters.JUnitReportReporter -->
<testsuite hostname="IHD-1ZMHBX1" name="innRoad.suite.AWS_BE_Automation" tests="1" failures="0" timestamp="15 Jun 2016 08:30:08 GMT" time="418.741" errors="0">
  <testcase name="testUntitled" time="418.741" classname="innRoad.suite.AWS_BE_Automation"/>
</testsuite> <!-- innRoad.suite.AWS_BE_Automation -->
